<?xml version="1.0" encoding="UTF-8"?>
<!-- Generated by org.testng.reporters.JUnitXMLReporter -->
<testsuite ignored="0" hostname="DESKTOP-RK086OU" failures="0" tests="21" name="asdfg" time="293.803" errors="0" timestamp="2022-12-24T22:19:40 IST">
  <testcase classname="com.HRM.Testpages.AddEmployee" name="Validate_PrinterSettings" time="0.008"/>
  <testcase classname="com.HRM.Testpages.AddEmployee" name="Validate_ValidSendkeys" time="23.301"/>
  <testcase classname="com.HRM.Testpages.AddEmployee" name="Validate_Addemployee_click" time="31.55"/>
  <testcase classname="com.HRM.Testpages.jobTitle_testPage" name="Validate_PrinterSettings" time="0.001"/>
  <testcase classname="com.HRM.Testpages.jobTitle_testPage" name="Validate_ValidSendkeys" time="22.718"/>
  <testcase classname="com.HRM.Testpages.jobTitle_testPage" name="Validate_headerText" time="8.245"/>
  <testcase classname="com.HRM.Testpages.jobTitle_testPage" name="Validate_JobTitleText" time="8.786"/>
  <testcase classname="com.HRM.Testpages.jobTitle_testPage" name="Validate_PayGradesText" time="8.819"/>
  <testcase classname="com.HRM.Testpages.jobTitle_testPage" name="Validate_Employment_StatusText" time="8.845"/>
  <testcase classname="com.HRM.Testpages.jobTitle_testPage" name="Validate_Job_CategoriesText" time="8.75"/>
  <testcase classname="com.HRM.Testpages.jobTitle_testPage" name="Validate_Work_ShiftsText" time="4.632"/>
  <testcase classname="com.HRM.Testpages.LoginFunctinalityTest" name="Validate_PrinterSettings" time="0.002"/>
  <testcase classname="com.HRM.Testpages.LoginFunctinalityTest" name="Validate_LiginFunctionality" time="6.147"/>
  <testcase classname="com.HRM.Testpages.LoginFunctinalityTest" name="Validate_Sendkeys" time="10.308"/>
  <testcase classname="com.HRM.Testpages.LoginFunctinalityTest" name="Validate_InvalidSendkeys" time="15.516"/>
  <testcase classname="com.HRM.Testpages.LoginFunctinalityTest" name="Validate_SpecialCharSendkeys" time="25.59"/>
  <testcase classname="com.HRM.Testpages.LoginFunctinalityTest" name="Validate_ValidSendkeys" time="15.495"/>
  <testcase classname="com.HRM.Testpages.LoginHome_pageFunctionality_test" name="Validate_PrinterSettings" time="0.001"/>
  <testcase classname="com.HRM.Testpages.LoginHome_pageFunctionality_test" name="Validate_ValidSendkeys" time="16.62"/>
  <testcase classname="com.HRM.Testpages.LoginHome_pageFunctionality_test" name="Validate_HomePageText" time="5.122"/>
  <testcase classname="com.HRM.Testpages.LoginHome_pageFunctionality_test" name="Validate_adminSlide" time="18.351"/>
</testsuite> <!-- asdfg -->
